<?xml version="1.0" encoding="UTF-8"?>
<!-- Generated by org.testng.reporters.JUnitReportReporter -->
<testsuite hostname="DESKTOP-CANTE29" failures="0" tests="4" name="com.api.tests.UpdateDeleteBookingTest" time="0.895" errors="0" timestamp="2026-03-30T09:35:39 EDT" skipped="0">
  <testcase classname="com.api.tests.UpdateDeleteBookingTest" name="PUT_UpdateBooking_WithValidToken_Success" time="0.371"/>
  <system-out/>
  <testcase classname="com.api.tests.UpdateDeleteBookingTest" name="PUT_UpdateBooking_WithoutToken_Returns403" time="0.183"/>
  <system-out/>
  <testcase classname="com.api.tests.UpdateDeleteBookingTest" name="DELETE_Booking_WithValidToken_Success" time="0.181"/>
  <system-out/>
  <testcase classname="com.api.tests.UpdateDeleteBookingTest" name="DELETE_Booking_WithoutToken_Returns403" time="0.160"/>
  <system-out/>
</testsuite> <!-- com.api.tests.UpdateDeleteBookingTest -->
