<?xml version="1.0" encoding="UTF-8"?>
<!-- Generated by org.testng.reporters.JUnitReportReporter -->
<testsuite hostname="DESKTOP-CANTE29" failures="0" tests="2" name="com.api.tests.CreateBookingTest" time="0.763" errors="0" timestamp="2026-03-30T09:35:39 EDT" skipped="0">
  <testcase classname="com.api.tests.CreateBookingTest" name="POST_CreateBooking_WithValidData" time="0.579"/>
  <system-out/>
  <testcase classname="com.api.tests.CreateBookingTest" name="POST_CreateBooking_NoBody_Returns500" time="0.184"/>
  <system-out/>
</testsuite> <!-- com.api.tests.CreateBookingTest -->
