<?xml version="1.0" encoding="UTF-8"?>
<!-- Generated by org.testng.reporters.JUnitReportReporter -->
<testsuite hostname="DESKTOP-CANTE29" failures="0" tests="3" name="com.api.tests.GetBookingTest" time="0.650" errors="0" timestamp="2026-03-30T09:35:39 EDT" skipped="0">
  <testcase classname="com.api.tests.GetBookingTest" name="GET_AllBookings_Success" time="0.279"/>
  <system-out/>
  <testcase classname="com.api.tests.GetBookingTest" name="GET_Booking_ByValidId_Success" time="0.215"/>
  <system-out/>
  <testcase classname="com.api.tests.GetBookingTest" name="GET_Booking_NonExistentId_Returns404" time="0.156"/>
  <system-out/>
</testsuite> <!-- com.api.tests.GetBookingTest -->
