<?xml version="1.0" encoding="UTF-8"?>
<!-- Generated by org.testng.reporters.JUnitReportReporter -->
<testsuite hostname="DESKTOP-CANTE29" failures="0" tests="2" name="com.api.tests.LoginTest" time="2.055" errors="0" timestamp="2026-03-30T09:35:39 EDT" skipped="0">
  <testcase classname="com.api.tests.LoginTest" name="POST_Auth_WithValidCredentials_ReturnsToken" time="1.851"/>
  <system-out/>
  <testcase classname="com.api.tests.LoginTest" name="POST_Auth_WithInvalidCredentials_ReturnsError" time="0.204"/>
  <system-out/>
</testsuite> <!-- com.api.tests.LoginTest -->
