<?xml version="1.0" encoding="UTF-8"?>
<!-- Generated by org.testng.reporters.JUnitXMLReporter -->
<testsuite ignored="0" hostname="DESKTOP-CANTE29" failures="0" tests="2" name="Create Booking Tests" time="0.767" errors="0" timestamp="2026-03-30T09:35:37 EDT">
  <testcase classname="com.api.tests.CreateBookingTest" name="POST_CreateBooking_WithValidData" time="0.578"/>
  <testcase classname="com.api.tests.CreateBookingTest" name="POST_CreateBooking_NoBody_Returns500" time="0.182"/>
</testsuite> <!-- Create Booking Tests -->
