<?xml version="1.0" encoding="UTF-8"?>
<!-- Generated by org.testng.reporters.JUnitXMLReporter -->
<testsuite ignored="0" hostname="DESKTOP-CANTE29" failures="0" tests="3" name="Get Booking Tests" time="0.889" errors="0" timestamp="2026-03-30T09:35:38 EDT">
  <testcase classname="com.api.tests.GetBookingTest" name="GET_AllBookings_Success" time="0.278"/>
  <testcase classname="com.api.tests.GetBookingTest" name="GET_Booking_ByValidId_Success" time="0.214"/>
  <testcase classname="com.api.tests.GetBookingTest" name="GET_Booking_NonExistentId_Returns404" time="0.156"/>
</testsuite> <!-- Get Booking Tests -->
