<?xml version="1.0" encoding="UTF-8"?>
<!-- Generated by org.testng.reporters.JUnitXMLReporter -->
<testsuite ignored="0" hostname="DESKTOP-CANTE29" failures="0" tests="4" name="Update and Delete Booking Tests" time="1.264" errors="0" timestamp="2026-03-30T09:35:39 EDT">
  <testcase classname="com.api.tests.UpdateDeleteBookingTest" name="PUT_UpdateBooking_WithValidToken_Success" time="0.213"/>
  <testcase classname="com.api.tests.UpdateDeleteBookingTest" name="PUT_UpdateBooking_WithoutToken_Returns403" time="0.183"/>
  <testcase classname="com.api.tests.UpdateDeleteBookingTest" name="DELETE_Booking_WithValidToken_Success" time="0.181"/>
  <testcase classname="com.api.tests.UpdateDeleteBookingTest" name="DELETE_Booking_WithoutToken_Returns403" time="0.16"/>
</testsuite> <!-- Update and Delete Booking Tests -->
