<?xml version="1.0" encoding="UTF-8"?>
<!-- Generated by org.testng.reporters.JUnitXMLReporter -->
<testsuite ignored="0" hostname="DESKTOP-CANTE29" failures="0" tests="2" name="Login tests" time="2.574" errors="0" timestamp="2026-03-30T09:35:36 EDT">
  <testcase classname="com.api.tests.LoginTest" name="POST_Auth_WithValidCredentials_ReturnsToken" time="1.686"/>
  <testcase classname="com.api.tests.LoginTest" name="POST_Auth_WithInvalidCredentials_ReturnsError" time="0.202"/>
</testsuite> <!-- Login tests -->
